<?xml version="1.0" encoding="UTF-8"?>
<!-- Generated by org.testng.reporters.JUnitXMLReporter -->
<testsuite ignored="0" hostname="DESKTOP-OTKS22Q" failures="1" tests="5" name="Test" time="26.826" errors="0" timestamp="2025-06-17T17:45:27 IST">
  <testcase classname="wondRxWeb.Test.AboutTest" name="aboutInfo" time="0.051"/>
  <testcase classname="wondRxWeb.Test.AboutTest" name="verifyBannersAndMessagesOnThePage" time="0.201"/>
  <testcase classname="wondRxWeb.Test.AboutTest" name="verifyFooterNavigationLinks" time="0.623"/>
  <testcase classname="wondRxWeb.Test.AboutTest" name="verifyHeaderNavigationLinks" time="0.259"/>
  <testcase classname="wondRxWeb.Test.BrokenLinksTest" name="brokenLinks" time="10.089">
    <failure type="java.lang.AssertionError" message="The following asserts failed:
	The link with the text  with the response code 999 has failed expected [true] but found [false]">
      <![CDATA[java.lang.AssertionError: The following asserts failed:
The link with the text  with the response code 999 has failed expected [true] but found [false]
at wondRxWeb.Test.BrokenLinksTest.brokenLinks(BrokenLinksTest.java:40)
at java.base/java.util.ArrayList.forEach(ArrayList.java:1596)
... Removed 27 stack frames]]>
    </failure>
  </testcase> <!-- brokenLinks -->
</testsuite> <!-- Test -->
